<?xml version="1.0" encoding="UTF-8"?>
<!-- Generated by org.testng.reporters.JUnitXMLReporter -->
<testsuite ignored="2" hostname="NIHANYA" failures="0" tests="2" name="Test1" time="13.767" errors="0" timestamp="2023-09-27T16:53:02 IST">
  <testcase classname="com.projectName.companyName.testcases.ActiveMembersLoginTest" name="loginTest" time="11.91"/>
  <testcase classname="com.projectName.companyName.testcases.ActiveMembersLoginTest7" name="loginTest" time="12.803"/>
  <testcase classname="com.projectName.companyName.testcases.BaseTest" name="@AfterSuite mail" time="0.0">
    <ignored/>
  </testcase> <!-- @AfterSuite mail -->
  <testcase classname="com.projectName.companyName.testcases.BaseTest" name="@BeforeSuite setUpFramework" time="0.0">
    <ignored/>
  </testcase> <!-- @BeforeSuite setUpFramework -->
</testsuite> <!-- Test1 -->
