<?xml version="1.0" encoding="UTF-8"?>
<!-- Generated by org.testng.reporters.JUnitXMLReporter -->
<testsuite ignored="1" hostname="NIHANYA" failures="0" tests="2" name="Test1" time="8.668" errors="0" timestamp="2023-10-06T21:06:35 IST">
  <testcase classname="com.projectName.companyName.testcases.ActiveMembersLoginTest" name="loginTest" time="7.741"/>
  <testcase classname="com.projectName.companyName.testcases.ActiveMembersLoginTest7" name="loginTest" time="7.759"/>
  <testcase classname="com.projectName.companyName.testcases.BaseTest" name="@BeforeSuite setUpFramework" time="0.0">
    <ignored/>
  </testcase> <!-- @BeforeSuite setUpFramework -->
</testsuite> <!-- Test1 -->
