<?xml version="1.0" encoding="UTF-8"?>
<testng-results ignored="0" total="2" passed="2" failed="0" skipped="0">
  <reporter-output>
  </reporter-output>
  <suite started-at="2023-10-06T21:06:25 IST" name="Suite" finished-at="2023-10-06T21:06:34 IST" duration-ms="8668">
    <groups>
    </groups>
    <test started-at="2023-10-06T21:06:25 IST" name="Test1" finished-at="2023-10-06T21:06:34 IST" duration-ms="8668">
      <class name="com.projectName.companyName.testcases.ActiveMembersLoginTest7">
        <test-method signature="loginTest(java.util.Hashtable)[pri:0, instance:com.projectName.companyName.testcases.ActiveMembersLoginTest7@3697186]" started-at="2023-10-06T21:06:26 IST" name="loginTest" data-provider="masterDP" finished-at="2023-10-06T21:06:33 IST" duration-ms="7759" status="PASS">
          <params>
            <param index="0">
              <value>
                <![CDATA[{browser=chrome, password=Admin@123, email=andrew74444@gmail.com, Runmode=Y}]]>
              </value>
            </param>
          </params>
          <reporter-output>
          </reporter-output>
        </test-method> <!-- loginTest -->
        <test-method is-config="true" signature="tearDown()[pri:0, instance:com.projectName.companyName.testcases.ActiveMembersLoginTest7@3697186]" started-at="2023-10-06T21:06:33 IST" name="tearDown" finished-at="2023-10-06T21:06:34 IST" duration-ms="317" status="PASS">
          <reporter-output>
          </reporter-output>
        </test-method> <!-- tearDown -->
      </class> <!-- com.projectName.companyName.testcases.ActiveMembersLoginTest7 -->
      <class name="com.projectName.companyName.testcases.ActiveMembersLoginTest">
        <test-method is-config="true" signature="setUpFramework()[pri:0, instance:com.projectName.companyName.testcases.ActiveMembersLoginTest@291f18]" started-at="2023-10-06T21:06:25 IST" name="setUpFramework" finished-at="2023-10-06T21:06:25 IST" duration-ms="39" status="PASS">
          <reporter-output>
          </reporter-output>
        </test-method> <!-- setUpFramework -->
        <test-method signature="loginTest(java.util.Hashtable)[pri:0, instance:com.projectName.companyName.testcases.ActiveMembersLoginTest@291f18]" started-at="2023-10-06T21:06:26 IST" name="loginTest" data-provider="masterDP" finished-at="2023-10-06T21:06:33 IST" duration-ms="7741" status="PASS">
          <params>
            <param index="0">
              <value>
                <![CDATA[{browser=chrome, password=Admin@123, email=andrew74444@gmail.com, Runmode=Y}]]>
              </value>
            </param>
          </params>
          <reporter-output>
          </reporter-output>
        </test-method> <!-- loginTest -->
        <test-method is-config="true" signature="tearDown()[pri:0, instance:com.projectName.companyName.testcases.ActiveMembersLoginTest@291f18]" started-at="2023-10-06T21:06:33 IST" name="tearDown" finished-at="2023-10-06T21:06:34 IST" duration-ms="333" status="PASS">
          <reporter-output>
          </reporter-output>
        </test-method> <!-- tearDown -->
      </class> <!-- com.projectName.companyName.testcases.ActiveMembersLoginTest -->
    </test> <!-- Test1 -->
  </suite> <!-- Suite -->
</testng-results>
