<?xml version="1.0" encoding="UTF-8"?>
<testng-results ignored="0" total="2" passed="2" failed="0" skipped="0">
  <reporter-output>
  </reporter-output>
  <suite started-at="2023-09-27T16:52:47 IST" name="Suite" finished-at="2023-09-27T16:53:01 IST" duration-ms="13767">
    <groups>
    </groups>
    <test started-at="2023-09-27T16:52:47 IST" name="Test1" finished-at="2023-09-27T16:53:01 IST" duration-ms="13767">
      <class name="com.projectName.companyName.testcases.ActiveMembersLoginTest7">
        <test-method signature="loginTest(java.util.Hashtable)[pri:0, instance:com.projectName.companyName.testcases.ActiveMembersLoginTest7@126945f9]" started-at="2023-09-27T16:52:48 IST" name="loginTest" data-provider="masterDP" finished-at="2023-09-27T16:53:01 IST" duration-ms="12803" status="PASS">
          <params>
            <param index="0">
              <value>
                <![CDATA[{browser=chrome, password=Admin@123, email=andrew74444@gmail.com, Runmode=Y}]]>
              </value>
            </param>
          </params>
          <reporter-output>
          </reporter-output>
        </test-method> <!-- loginTest -->
        <test-method is-config="true" signature="tearDown()[pri:0, instance:com.projectName.companyName.testcases.ActiveMembersLoginTest7@126945f9]" started-at="2023-09-27T16:53:01 IST" name="tearDown" finished-at="2023-09-27T16:53:01 IST" duration-ms="319" status="PASS">
          <reporter-output>
          </reporter-output>
        </test-method> <!-- tearDown -->
      </class> <!-- com.projectName.companyName.testcases.ActiveMembersLoginTest7 -->
      <class name="com.projectName.companyName.testcases.ActiveMembersLoginTest">
        <test-method is-config="true" signature="setUpFramework()[pri:0, instance:com.projectName.companyName.testcases.ActiveMembersLoginTest@4ff4357f]" started-at="2023-09-27T16:52:47 IST" name="setUpFramework" finished-at="2023-09-27T16:52:47 IST" duration-ms="43" status="PASS">
          <reporter-output>
          </reporter-output>
        </test-method> <!-- setUpFramework -->
        <test-method signature="loginTest(java.util.Hashtable)[pri:0, instance:com.projectName.companyName.testcases.ActiveMembersLoginTest@4ff4357f]" started-at="2023-09-27T16:52:48 IST" name="loginTest" data-provider="masterDP" finished-at="2023-09-27T16:53:00 IST" duration-ms="11910" status="PASS">
          <params>
            <param index="0">
              <value>
                <![CDATA[{browser=chrome, password=Admin@123, email=andrew74444@gmail.com, Runmode=Y}]]>
              </value>
            </param>
          </params>
          <reporter-output>
          </reporter-output>
        </test-method> <!-- loginTest -->
        <test-method is-config="true" signature="tearDown()[pri:0, instance:com.projectName.companyName.testcases.ActiveMembersLoginTest@4ff4357f]" started-at="2023-09-27T16:53:00 IST" name="tearDown" finished-at="2023-09-27T16:53:00 IST" duration-ms="303" status="PASS">
          <reporter-output>
          </reporter-output>
        </test-method> <!-- tearDown -->
        <test-method is-config="true" signature="mail()[pri:0, instance:com.projectName.companyName.testcases.ActiveMembersLoginTest@4ff4357f]" started-at="2023-09-27T16:53:02 IST" name="mail" finished-at="2023-09-27T16:53:02 IST" duration-ms="1" status="PASS">
          <reporter-output>
          </reporter-output>
        </test-method> <!-- mail -->
      </class> <!-- com.projectName.companyName.testcases.ActiveMembersLoginTest -->
    </test> <!-- Test1 -->
  </suite> <!-- Suite -->
</testng-results>
