<?xml version="1.0" encoding="UTF-8"?>
<testng-results ignored="0" total="1" passed="1" failed="0" skipped="0">
  <reporter-output>
  </reporter-output>
  <suite started-at="2023-10-24T23:25:31 IST" name="Suite" finished-at="2023-10-24T23:25:44 IST" duration-ms="12813">
    <groups>
    </groups>
    <test started-at="2023-10-24T23:25:31 IST" name="Test1" finished-at="2023-10-24T23:25:44 IST" duration-ms="12813">
      <class name="com.projectName.companyName.testcases.SearchGoogle">
        <test-method is-config="true" signature="setUpFramework()[pri:0, instance:com.projectName.companyName.testcases.SearchGoogle@64b73e7a]" started-at="2023-10-24T23:25:31 IST" name="setUpFramework" finished-at="2023-10-24T23:25:31 IST" duration-ms="33" status="PASS">
          <reporter-output>
          </reporter-output>
        </test-method> <!-- setUpFramework -->
        <test-method signature="searchGoogle(java.util.Hashtable)[pri:0, instance:com.projectName.companyName.testcases.SearchGoogle@64b73e7a]" started-at="2023-10-24T23:25:32 IST" name="searchGoogle" data-provider="masterDP" finished-at="2023-10-24T23:25:44 IST" duration-ms="11997" status="PASS">
          <params>
            <param index="0">
              <value>
                <![CDATA[{browser=chrome, password=Admin@123, email=andrew74444@gmail.com, Runmode=Y}]]>
              </value>
            </param>
          </params>
          <reporter-output>
          </reporter-output>
        </test-method> <!-- searchGoogle -->
        <test-method is-config="true" signature="tearDown()[pri:0, instance:com.projectName.companyName.testcases.SearchGoogle@64b73e7a]" started-at="2023-10-24T23:25:44 IST" name="tearDown" finished-at="2023-10-24T23:25:44 IST" duration-ms="272" status="PASS">
          <reporter-output>
          </reporter-output>
        </test-method> <!-- tearDown -->
      </class> <!-- com.projectName.companyName.testcases.SearchGoogle -->
    </test> <!-- Test1 -->
  </suite> <!-- Suite -->
</testng-results>
